<?xml version="1.0" encoding="UTF-8"?>
<!-- Generated by org.testng.reporters.JUnitReportReporter -->
<testsuite skipped="0" hostname="7020761DXCWWCP8" name="lauchTest.Launch_Divisas_TransferenciasInternacionales" tests="1" failures="0" timestamp="2025-07-07T10:18:06 COT" time="412.028" errors="0">
  <testcase name="TestExec" time="412.028" classname="lauchTest.Launch_Divisas_TransferenciasInternacionales"/>
  <system-out/>
</testsuite> <!-- lauchTest.Launch_Divisas_TransferenciasInternacionales -->
